[    0.000000] Initializing cgroup subss cpuet
[   0.000000] Initializing cgroup subsys cpu
[    0.000000] Iitializing cgroup subsys cpuacct
[    0.000000] Linu version 4.4.0-137-generic (buildd@lgw01-amd64-037) (gcc version 5.4.0 20160609 (Ubuntu 5.4.0-6ubuntu1~16.04.10) ) #163-Ubuntu SMP Mon Sep 24 13:14:43 UTC 2018 (Ubuntu 4.4.0137.13-generic 4.4.144)
[    0.000000] Command line: BOOT_IMAGE=/boot/vmlinuz-4.4.0-137-generic root=LABEL=cloudimg-rootfs ro conole=tty1 console=ttyS0
[    0.000000] KERNEL supported cpus:
[    0.000000]   Intel GenuineIntel
[    0.000000]   AMD AuthenticAMD
[    0.000000]   Centaur CentaurHauls
[    0.000000 x86/fpu: xstate_offset[2]:  576, xstate_sizes[2]:  256
[    0.000000] x86/fpu: Supporting XSAVE feature 0x01: 'x87 floating point registers'
[    0.00000] x86/fpu: Supporting XSAVE feature 0x02: 'SSE registers'
[    0.000000] x86/fpu: Supporting XSAVE feature 0x04: 'AVX registers'
[    0.000000] x86/fpu: Enabled xstate features 0x7, context size is 832 bytes, using 'standard' format.
[    0.000000] e820: IOS-provided physical RAM map:
[    0.000000] BIOS-e820: [mem 0x0000000000000000-0x00000000000fbff] uable
[    0.00000] BIOS-e80: [mem 0x000000000009fc00-000000009ffff]reserved
[    0.000000] BIOS-e820: [mem 0x00000000000f0000-0x00000000000fffff] reserved
[   0.000000] OS-e820: [mem 0x00000000001100000-0x000000003ffeffff] usable
[    0000000] BOS-e820: [mem 0x000000003fff0000-0x000000003fffffff] ACPI data
[    0.000000] BIOS-e820: [mem 0x00000000fec00000-0x0000000fe00ff] reserve
[   0.000000] BIOS-e820: mem 0x00000000fee00000-0x00000000fee00fff] reserved
[    0.00000 BIO-e820: [mem 0x00000000fffc0000-0x00000000ffffffff] reserved
[    0.000000] NX (Execut Disable) protection: active
[    0.000000] SMBIOS 2.5 present.
[    0.000000 Hypervisor detected: KVM
[    0000000] e820: last_pfn = 0x3ff0 max_arch_pfn = 0x400000000
[    0.000000] MTRR: Disabled
[    0.000000] x8/PAT: MTRRs disabled, kipping PAT initialization too.
[    0.000000] CPU MTRRs all blank - virtualized system.
[    0.000000] x86/PAT: Configuration [0-7]: WB  WT  UC- UC  WB  WT  UC- UC  
[    0.00000] found SMP MP-table at [mem 0x0009fff0-0x0009ffff] mapped at [ffff88000009fff0]
[   0.00000] Sanning 1 areas for low memory corruption
[    0.000000] RAMDISK: [mem 0x3630e000-0x3717efff]
[    0.00000] CPI: Earl taable checksum verification disabled
[    0.000000] ACPI: RSDP 0x0000000000E0000 00024 (v02 VBOX  )
[    .0000000] ACPI: XSDT 0x00000003FFF0030 00003C (v01 VBOX   VBOXXSDT 00000001 ASL  00000061)
[    0.000000] ACPI: ACP 0x000000003FFF00F0 0000F4 (v04 VBOX   VBOXFACP 00000001 ASL  0000061)
[   0.000000] ACPI: DSDT 0x000000003FFF0470 0021FF (v02 VBOX   VBOXBIOS 00000002 INTL 20100528)
[   0.000000]] ACP: FAS 0x0000003FFF0200 000040
[    0.000000]ACPI: FACS 0x000000003FFF0200 0040
[    0.000000] ACPI: APIC 0x00000003FFF040 0000C (v02 VBOX   VBOXAPIC 00000001 ASL  00000061)
[    0.000000] API: SSDT 0x000000003FFF02A0 0001CC (v01 VBOX   VBOXCPUT 00000002 INTL 20100528)
    .000000] No NUMA configuration found
[   0.000000] Faking a node at [mem 0x000000000000000-0x000000003ffeffff]
[    0.000000] NODE_DATA(0) allocated [mem 0x3ffeb000-0x3ffeffff]
[    0.000000] kvm-clock: Using msrs 4b564d01 and 4b564d00
[    0.000000] kvm-clock: cpu 0, msr 0:3ff3001, primary cpu clock
[    0.000000] kvm-cock: using sched offset of 7970215210 cycle
[    0000000] coocksource: kvm-clock: mask: 0xfffffffffffffff max_cycles: 0x1cd42e4dffb, max_idle_ns: 881590591483 ns
[    0.000000] Zone ranges:
[    0.00000]   DMA      [mem 0x00000000000010000x0000000000ffffff]
[    0.000000]   DMA32    [mem 0x0000000001000000-0x000000003ffeffff]
[    0.00000]   Normal   empty
[    0.000000]   evice   empty
[    0.000000] Movable zone start for each node[    0.000000] arly emory noe ranges
[    0.000000]   node   0: [mem 0x0000000000001000-0x000000000009efff]
[    0.000000]   node   0: [mem 0x0000000000100000-0x000000003ffeffff]
[    0.00000] Iitmem setup node 0 [mem 0x000000000001000-0x000000003ffefff]
[    0.000000] ACPI: PM-Timer IO Port: x4008
[   0.000000] IOPI[0]: apic_id 2, version 32, address 0xfec00000, GSI 0-23
[    0.000000] ACPI: INT_SRC_OVR (bus 0 bus_irq  global_irq 2 dfl dfl)
[    0.000000] ACPI: INT_SRC_OVR (bus 0 bus_irq 9 global_irq 9 low level)
[    0.000000] Using ACPI (MADT) for SMP configuration information
[    0.000000] smpboot: Allowing 2 CPUs, 0 hotplug CPUs
[    0.000000] PM: Registered nosave memory: [mem 0x00000000-0x00000fff]
[    0.000000] PM: Reistered nosave memory: [em 0x000f000-0x0009fff]
    0.00000] PM: Registered nosave memory: mem 0x000a0000-0x000effff]
[    0.00000] PM:Registered nosave memory: [mem 0x000f0000-0x000fffff]
[    0.000000] e820: [mem 0x40000000-0xfebfffff] available for PCI devices
[    0.000000] Booting paravirtualized kernel on KVM
[    0.000000] clocksource: refined-jiffies: mask: 0xffffffff max_cycles: 0xffffffff, max_idle_ns: 7645519600211568 ns
[    0.000000] setup_percpu: NR_CPUS:512 nr_cpumask_bits:512 nr_cpu_ids:2 nr_node_ids:1
[    0.000000] PERCPU: Embedded 34 pages/cpu @ffff88003fc00000 s99608 r8192 d31464 u1048576
[    0.000000] PV qspinlock hash table entries: 256 (order: 0, 4096 bytes)
[    0.000000] Built 1 zonelists in Node order, mobility grouping on.  Total pages: 257912
[    0.000000] Policy zone: DMA32
[    0.000000] Kernel command line: BOOT_IMAGE=/boot/vmlinuz-.4.0-37-generic root=LABEL=cloudimg-rootfs ro console=tty1 console=ttyS0
[    0.000000] PID hash table eries: 4096 (order: 3, 32768 bytes)
[    0.000000] Memory: 997716K/1048120K available (8555K kernel code, 1314K rwdata, 4004K rodata, 1528K init, 1316K bss, 50404K reserved, 0K cma-reserved)
[    0.000000] SLUB: HWalign=64, Order=0-3, MiObjects=0, CPUs=2, Nodes=1
[    0.000000] Kernel/User page tables isolation: enabled
[    0.00000] ierarchical RCU implementation.
    0.000000] 	Build-time adjustment of leaf fanout to 64.
[   0.00000] 	RCU restricting CPUs from NR_CPUS=512 to nr_cpu_ids=2.
[    0.000000] RCU: Adjusting geometry for rcu_fanout_leaf=64, nr_cpu_ids=2
[    .000000] NR_IRQ:3302 nr_irqs:440 16
[    0.000000] Console: colour VGA+ 80x25
[    0.000000] console [tty1] enabled
[    0.000000] console [ttyS0] enaled
[    0.000000] tsc: Detected 1599.999 MHz processor
[    2.880323] Calibrating delay loop (skipped) preset value.. 319.99 BogoMIPS (lpj=6399996)
[    2.916396] pid_max: default: 32768 minimum: 301
[    2.918694] ACPI: Core revision 20150930
[    2.929287] ACPI: 2 ACPI AML tables successfully acquired and loaded
[    2.933067] Security Framework initialized
[    2.937171] Yama: becoming mindful.
[    2.939208] AppArmor: AppArmor initialized
[    2.941018] Dentry cache hash table entries: 131072 (order: 8, 1048576 bytes)
[    2.947829] Inode-cache hash table entries: 65536 (order: 7, 524288 bytes)
[    2.955728] Mount-cache hash table entries: 2048 (order: 2, 16384 bytes)
[    2.965690] Mountpoint-cache hash table entries: 2048 (order: 2, 16384 bytes)
[    2.976758] Initializing cgroup subsys io
[    2.980142] Initializing cgroup subsys memory
[    2.983783] Initializing cgroup subsys devices
[    2.993830] Initializing cgroup subsys freezer
[    2.995975] Initializing cgroup subsys net_cls
[    2.998958] Initializing cgroup subsys perf_event
[    3.007103] Initializing cgroup subsys net_prio
[    3.019328] Initializing cgroup subsys hugetlb
[    3.022018] Initializing cgroup subsys pids
[    3.031650] mce: CPU supports 0 MCE banks
[    3.035489] Last level iTLB entries: 4KB 64, 2MB 8, 4MB 8
[    3.047513] Last level dTLB entries: 4KB 64, 2MB 0, 4MB 0, 1GB 4
[    3.052136] Spectre V2 : Mitigation: Full generic retpoline
[    3.056792] Spectre V2 : Spectre v2 mitigation: Speculation control IBPB not-supported IBRS not-supported
[    3.061795] Spectre V2 : Spectre v2 / SpectreRSB mitigation: Filling RSB on context switch
[    3.067446] Speculative Store Bypass: Vulnerable
[    3.076596] Freeing SMP alternatives memory: 32K
[    3.092399] ftrace: allocating 32265 entries in 127 pages
[    3.180373] smpboot: APIC(0) Converting physical 0 to logical package 0
[    3.184603] smpboot: Max logical packages: 1
[    3.186933] x2apic enabled
[    3.193121] Switched APIC routing to physical x2apic.
[    3.197599] ..TIMER: vector=0x30 apic1=0 pin1=2 apic2=-1 pin2=-1
[    3.306748] smpboot: CPU0: Intel(R) Core(TM) i5-5250U CPU @ 1.60GHz (family: 0x6, model: 0x3d, stepping: 0x4)
[    3.316051] Performance Events: unsupported p6 CPU model 61 no PMU driver, software events only.
[    3.321877] KVM setup paravirtual spinlock
[    3.325159] x86: Booting SMP configuration:
[    3.328311] .... node  #0, CPUs:      #1
[    3.333586] kvm-clock: cpu 1, msr 0:3ffe3041, secondary cpu clock
[    3.336531] mce: CPU supports 0 MCE banks
[    3.339697] x86: Booted up 1 node, 2 CPUs
[    3.345822] smpboot: Total of 2 processors activated (6399.99 BogoMIPS)
[    3.356986] devtmpfs: initialized
[    3.359867] evm: security.selinux
[    3.361306] evm: security.SMACK64
[    3.365505] evm: security.SMACK64EXEC
[    3.367008] evm: security.SMACK64TRANSMUTE
[    3.373382] evm: security.SMACK64MMAP
[    3.377484] evm: security.ima
[    3.385719] evm: security.capability
[    3.399808] clocksource: jiffies: mask: 0xffffffff max_cycles: 0xffffffff, max_idle_ns: 7645041785100000 ns
[    3.435175] futex hash table entries: 512 (order: 3, 32768 bytes)
[    3.453843] pinctrl core: initialized pinctrl subsystem
[    3.460305] RTC time: 10:09:48, date: 11/06/18
[    3.470124] NET: Registered protocol family 16
[    3.483593] cpuidle: using governor ladder
[    3.507376] cpuidle: using governor menu
[    3.521315] PCCT header not found.
[    3.525932] ACPI: bus type PCI registered
[    3.530120] acpiphp: ACPI Hot Plug PCI Controller Driver version: 0.5
[    3.541104] PCI: Using configuration type 1 for base access
[    3.557719] ACPI: Added _OSI(Module Device)
[    3.564692] ACPI: Added _OSI(Processor Device)
[    3.580485] ACPI: Added _OSI(3.0 _SCP Extensions)
[    3.584042] ACPI: Added _OSI(Processor Aggregator Device)
[    3.598088] ACPI: Executed 1 blocks of module-level executable AML code
[    3.611157] ACPI: Interpreter enabled
[    3.615907] ACPI: (supports S0 S5)
[    3.621081] ACPI: Using IOAPIC for interrupt routing
[    3.625804] PCI: Using host bridge windows from ACPI; if necessary, use "pci=nocrs" and report a bug
[    3.643028] ACPI: PCI Root Bridge [PCI0] (domain 0000 [bus 00-ff])
[    3.653250] acpi PNP0A03:00: _OSC: OS supports [ASPM ClockPM Segments MSI]
[    3.661765] acpi PNP0A03:00: _OSC: not requesting OS control; OS requires [ExtendedConfig ASPM ClockPM MSI]
[    3.668308] acpi PNP0A03:00: fail to add MMCONFIG information, can't access extended PCI configuration space under this bridge.
[    3.680996] PCI host bridge to bus 0000:00
[    3.688744] pci_bus 0000:00: root bus resource [io  0x0000-0x0cf7 window]
[    3.693457] pci_bus 0000:00: root bus resource [io  0x0d00-0xffff window]
[    3.696526] pci_bus 0000:00: root bus resource [mem 0x000a0000-0x000bffff window]
[    3.703589] pci_bus 0000:00: root bus resource [mem 0x40000000-0xfdffffff window]
[    3.717126] pci_bus 0000:00: root bus resource [bus 00-ff]
[    3.727681] pci 0000:00:01.1: legacy IDE quirk: reg 0x10: [io  0x01f0-0x01f7]
[    3.730506] pci 0000:00:01.1: legacy IDE quirk: reg 0x14: [io  0x03f6]
[    3.737656] pci 0000:00:01.1: legacy IDE quirk: reg 0x18: [io  0x0170-0x0177]
[    3.746846] pci 0000:00:01.1: legacy IDE quirk: reg 0x1c: [io  0x0376]
[    3.806954] pci 0000:00:07.0: quirk: [io  0x4000-0x403f] claimed by PIIX4 ACPI
[    3.827849] pci 0000:00:07.0: quirk: [io  0x4100-0x410f] claimed by PIIX4 SMB
[    3.869688] ACPI: PCI Interrupt Link [LNKA] (IRQs 5 9 10 *11)
[    3.883837] ACPI: PCI Interrupt Link [LNKB] (IRQs 5 9 *10 11)
[    3.890447] ACPI: PCI Interrupt Link [LNKC] (IRQs 5 *9 10 11)
[    3.898179] ACPI: PCI Interrupt Link [LNKD] (IRQs 5 9 10 *11)
[    3.918050] ACPI: Enabled 2 GPEs in block 00 to 07
[    3.922129] vgaarb: setting as boot device: PCI:0000:00:02.0
[    3.938792] vgaarb: device added: PCI:0000:00:02.0,decodes=io+mem,owns=io+mem,locks=none
[    3.945400] vgaarb: loaded
[    3.946647] vgaarb: bridge control possible 0000:00:02.0
[    3.950521] SCSI subsystem initialized
[    3.953648] ACPI: bus type USB registered
[    3.960198] usbcore: registered new interface driver usbfs
[    3.971976] usbcore: registered new interface driver hub
[    3.975464] usbcore: registered new device driver usb
[    3.980702] PCI: Using ACPI for IRQ routing
[    3.996031] NetLabel: Initializing
[    4.005427] NetLabel:  domain hash size = 128
[    4.012196] NetLabel:  protocols = UNLABELED CIPSOv4
[    4.020283] NetLabel:  unlabeled traffic allowed by default
[    4.030725] amd_nb: Cannot enumerate AMD northbridges
[    4.036576] clocksource: Switched to clocksource kvm-clock
[    4.060869] AppArmor: AppArmor Filesystem Enabled
[    4.069380] pnp: PnP ACPIinit
[    4.1767] pnp: PnP ACPI: und 3 devices

[    4.227648] clocksource: acpipm: mask: 0xfffff max_cycles: 0xffffff, max_idle_ns:2085701024 ns
[    4.31226] NET: Registered protocol family 2

[    4.340196] TCP esblished hash table entries: 8192 (order: 4, 65536 bytes)

[    4.395778] TCP bind hash table entries: 8192 (order: 5, 131072 bytes)
[    4.404105] TCP: Hash tables configured (establihed 8192 bind8192)
[    4.458958] UDP hash table entries: 512 (order: 2, 16384 bytes)
[    4.461741] DP-Lite hash table entries: 512 (order: 2, 16384 bytes)
[    4.490191] NET: Registered protocol family 1[    4.517679] pci 0000:00:00.0: Limiting direct PCI/PCI transfers
[    4.54037] pci 0000:00:01.0: Activating ISA DMA han workarounds
[    4.602851] Unpacking initramfs...

[    4.976992] Freeing initrd memory: 14788K
[    4.994080] RAPL PMU detected, API unit is 2^-32 Joules, 4 fixed counters 10737418240 ms ovfl timer
[    5.042927] hw unit of domain pp0-core 2^-0 Joules
[    5.057793] hw unit of domain package 2^-0 Joules
[    5.072291] hw unit of domain dram 2^-0 Joules
[    5.075770] hw unit of domain pp1-gpu 2^-0 Joules
[    5.089878] platform rtc_cmos: registered platform RTC device (no PNP device found)
[    5.107354] Scanning for low memory corruption every 60 seconds
[    5.119035] audit: initializing netlink subsys (disabled)
[    5.123087] audit: type=2000 audit(1541498996.043:1): initialized
[    5.139173] Initialise system trusted keyring
[    5.141291] HugeTLB registered 2 MB page size, pre-allocated 0 pages
[    5.150762] zbud: loaded
[    5.153490] VFS: Disk quotas dquot_6.6.0
[    5.166156] VFS: Dquot-cache hash table entries: 512 (order 0, 4096 bytes)
[    5.174624] squashfs: version 4.0 (2009/01/31) Phillip Lougher
[    5.187163] fuse init (API version 7.23)
[    5.193813] Key type big_key registered
[    5.20014] Allocating IMA MOK and blacklist keyrings.
[    5.249574] Key type asymmetric registered
[    5.253579] Asymmetric key parser 'x509' registered
[    5.258631] Block layer SCSI generic (bsg) driver version 0.4 loaded (major 249)
[    5.266074] io scheduler noop registered
[    5.270024] io scheduler deadline registered (default)
[    5.272211] io scheduler cfq registered
[    5.288902] pci_hotplug: PCI Hot Plug PCI Core version: 0.5
[    5.291023] pciehp: PCI Express Hot Plug Controller Driver version: 0.4
[    5.304793] ACPI: AC Adapter [AC] (off-line)
[    5.318594] input: Power Button as /devices/LNXSYSTM:00/LNXPWRBN:00/input/input0
[    5.326223] ACPI: Power Button [PWRF]
[    5.328297] input: Sleep Button as /devices/LNXSYSTM:00/LNXSLPBN:00/input/input1
[    5.351931] ACPI: Sleep Button [SLPF]
[    5.354185] GHES: HEST is not enabled!
[    5.355941] ACPI: Battery Slot [BAT0] (battery present)
[    5.362590] Serial: 8250/16550 driver, 32 ports, IRQ sharing enabled
[    5.392339] 00:02: ttyS0 at I/O 0x3f8 (irq = 4, base_baud = 115200) is a 16550A
[    5.410350] Linux agpgart interface v0.103
[    5.416728] loop: module loaded
[    5.419041] scsi host0: ata_piix
[    5.422752] scsi host1: ata_piix
[    5.42048] ata1: PATA max UDA/33 cmd 01f0 ctl 0x3f6 bmdma 0xd000 irq 14
[    5.516257] ata2: PATA max UDMA/33 cmd 0x170 ctl 376 bmdma 0xd008 irq 15

[    5.585991] libph: Fixed MDIO Bus: probed
[    5.625327] tun: Universal TUN/TAP device driver, 1.6
[    5.631199] tun: (C) 1999-204 Max Krasnyans <mmaxk@qualcomm.com>
[    5.742134] PPP eneric driver version 2.4.2

[    5.776302] ehci_hcd: USB 2.0 'Enhanced' Host Controller (EHCI) Driver
[    5.783378] ehci-pci: EHCI PCI platform driver
[    5.789595] ehci-platform: EHCI generic platform driver
[    5.798114] ohci_hcd: USB 1.1 'Open' Host Controller (OHCI) Driver
[    5.800879] ohci-pci: OHCI PCI platform driver
[    5.804534] ohci-platform: OHCI generic platform driver
[    5.811860] uhci_hcd: USB Universal Host Controller Interface driver
[    5.822025] i8042: PNP: PS/2 Controller [PNP0303:PS2K,PNP0f03:PS2M] at 0x60,0x64 irq 1,12
[    5.841391] serio: i8042 KBD port at 0x60,0x64 irq 1
[    5.846588] serio: i8042 AUX port at 0x60,0x64 irq 12
[    5.854309] mousedev: PS/2 mouse device common for allmice

[    5.895417] input: AT Translated Set 2 keyboard as /devices/platform/i8042/serio0/input/input2
[    5.904834] rtc_cmos rtc_cmos: rtc core: registered rtc_cmos as rtc0
[    5.907869] rtc_cmos rtc_cmos: alarms up to one day, 114 bytes nvram
[    5.922732] i2c /dev entries driver
[    5.929618] device-mapper: uevent: version 1.0.3
[    5.934705] device-mapper: ioctl: 4.34.0-ioctl (2015-10-28) initialised: dm-devel@redhat.com
[    5.945803] ledtrig-cpu: registered to indicate activity on CPUs
[    5.953694] NET: Registered protocol family 10
[    5.955904] NET: Registered protocol family 17
[    5.970057] Key type dns_resolver registered
[    5.973227] registered taskstats version 1
[    5.983990] Loading compiled-in X.509 certificates
[    5.987427] Loaded X.509 cert 'Build time autogenerated kernel key: 20acc96b50ca7641011eace69d32209215a9b56f'
[    5.995183] zswap: loaded using pool lzo/zbud
[    6.001086] Key type trusted registered
[    6.008650] Key type encrypted registered
[    6.013536] AppArmor: AppArmor sha1 policy hashing enabled
[    6.018896] ima: No TPM chip found, activating TPM-bypass!
[    6.025844] ima: Allocated hash algorithm: sha1
[    6.029988] evm: HMAC attrs: 0x1
[    6.043715]   Magic number: 10:157:173
[    6.047645] rtc_cmos rtc_cmos: setting system clock to 2018-11-06 10:09:51 UTC (1541498991)
[    6.056299] BIOS EDD facility v0.16 2004-Jun-25, 0 devices found
[    6.058656] EDD information not available.
[    6.064437] Freeing unused kernel memory: 1528K
[    6.076893] Write protecting the kernel read-only data: 14336k
[    6.088859] tsc: Refined TSC clocksource calibration: 1600.713 MHz
[    6.088862] clocksource: tsc: mask: 0xffffffffffffffff max_cycles: 0x1712c699d73, max_idle_ns: 440795269389 ns
[    6.123122] Freeing unused kernel memory: 1672K
[    6.127441] Freeing unused kernel memory: 92K
Loading, please wait...
starting version 229
[    6.165658] random: systemd-udevd: uninitialized urandom read (16 bytes read, 5 bits of entropy available)
[    6.167626] random: udevadm: uninitialized urandom read (16 bytes read, 5 bits of entropy available)
[    6.167666] random: udevadm: uninitialized urandom read (16 bytes read, 5 bits of entropy available)
[    6.184961] random: udevadm: uninitialized urandom read (16 bytes read, 5 bits of entropy available)
[    6.185025] random: udevadm: uninitialized urandom read (16 bytes read, 5 bits of entropy available)
[    6.185585] random: udevadm: uninitialized urandom read (16 bytes read, 5 bits of entropy available)
[    6.185664] random: udevadm: uninitialized urandom read (16 bytes read, 5 bits of entropy available)
[    6.185736] random: udevadm: uninitialized urandom read (16 bytes read, 5 bits of entropy available)
[    6.185808] random: udevadm: uninitialized urandom read (16 bytes read, 5 bits of entropy available)
[    6.185879] random: udevadm: uninitialized urandom read (16 bytes read, 5 bits of entropy available)
[    6.484100] e1000: Intel(R) PRO/1000 Network Driver - version 7.3.21-k8-NAPI
[    6.489938] e1000: Copyright (c) 1999-2006 Intel Corporation.
[    6.497754] Fusion MPT base driver 3.04.20
[    6.506193] Copyright (c) 1999-2008 LSI Corporation
[    6.527187] Fusion MPT SPI Host driver 3.04.20
[    6.542516] AVX2 version of gcm_enc/dec engaged.
[    6.552328] AES CTR mode by8 optimization enabled
[    6.727230] input: ImExPS/2 Generic Explorer Mouse as /devices/platform/i8042/serio1/input/input4
[    6.988549] e1000 0000:00:03.0 eth0: (PCI:33MHz:32-bit) 02:28:89:27:00:51
[    6.995052] e1000 0000:00:03.0 eth0: Intel(R) PRO/1000 Network Connection
[    7.010056] mptbase: ioc0: Initiating bringup
[    7.128845] ioc0: LSI53C1030 A0: Capabilities={Initiator}
[    8.027151] scsi host2: ioc0: LSI53C1030 A0, FwRev=00000000h, Ports=1, MaxQ=256, IRQ=20
[    8.233908] scsi 2:0:0:0: Direct-Access     VBOX     HARDDISK         1.0  PQ: 0 ANSI: 5
[    8.244810] scsi target2:0:0: Beginning Domain Validation
[    8.259040] scsi target2:0:0: Domain Validation skipping write tests
[    8.262074] scsi target2:0:0: Ending Domain Validation
[    8.286954] scsi target2:0:0: asynchronous
[    8.350022] scsi 2:0:1:0: Direct-Access     VBOX     HARDDISK         1.0  PQ: 0 ANSI: 5
[    8.383336] scsi target2:0:1: Beginning Domain Validation
[    8.410953] scsi target2:0:1: Domain Validation skipping write tests
[    8.419383] scsi target2:0:1: Ending Domain Validation
[    8.421802] scsi target2:0:1: asynchronous
[    8.441478] sd 2:0:0:0: Attached scsi generic sg0 type 0
[    8.444079] sd 2:0:0:0: [sda] 20971520 512-byte logical blocks: (10.7 GB/10.0 GiB)
[    8.448368] sd 2:0:1:0: Attached scsi generic sg1 type 0
[    8.456847] sd 2:0:1:0: [sdb] 20480 512-byte logical blocks: (10.5 MB/10.0 MiB)
[    8.460866] sd 2:0:0:0: [sda] Write Protect is off
[    8.465427] sd 2:0:1:0: [sdb] Write Protect is off
[    8.467704] sd 2:0:0:0: [sda] Incomplete mode parameter data
[    8.470444] sd 2:0:0:0: [sda] Assuming drive cache: write through
[    8.473513] sd 2:0:1:0: [sdb] Incomplete mode parameter data
[    8.475752] sd 2:0:1:0: [sdb] Assuming drive cache: write through
[    8.482926]  sda: sda1
[    8.485889] sd 2:0:0:0: [sda] Attached SCSI disk
[    8.488687] sd 2:0:1:0: [sdb] Attached SCSI disk
[    9.012892] e1000 0000:00:08.0 eth1: (PCI:33MHz:32-bit) 08:00:27:ab:55:7e
[    9.015568] e1000 0000:00:08.0 eth1: Intel(R) PRO/1000 Network Connection
[    9.027903] e1000 0000:00:03.0 enp0s3: renamed from eth0
[    9.045465] e1000 0000:00:08.0 enp0s8: renamed from eth1
Begin: Loading essential drivers ... [   10.468399] md: linear personality registered for level -1
[   10.487391] md: multipath personality registered for level -4
[   10.501656] md: raid0 personality registered for level 0
[   10.507726] md: raid1 personality registered for level 1
[   10.580718] raid6: sse2x1   gen()  7936 MB/s
[   10.648746] raid6: sse2x1   xor()  6063 MB/s
[   10.716706] raid6: sse2x2   gen()  9985 MB/s
[   10.784714] raid6: sse2x2   xor()  6604 MB/s
[   10.852747] raid6: sse2x4   gen() 11664 MB/s
[   10.920653] raid6: sse2x4   xor()  6407 MB/s
[   10.988699] raid6: avx2x1   gen()  5580 MB/s
[   11.068505] raid6: avx2x2   gen() 17851 MB/s
[   11.142574] raid6: avx2x4   gen() 13741 MB/s
[   11.175215] raid6: using algorithm avx2x2 gen() 17851 MB/s
[   11.186110] raid6: using avx2x2 recovery algorithm
[   11.191913] xor: automatically using best checksumming function:
[   11.232603]    avx       : 17960.000 MB/sec
[   11.300021] async_tx: api initialized (async)
[   11.339865] md: raid6 personality registered for level 6
[   11.347718] md: raid5 personality registered for level 5
[   11.363975] md: raid4 personality registered for level 4
[   11.393965] md: raid10 personality registered for level 10
done.
Begin: Running /scripts/init-premount ... done.
Begin: Mounting root file system ... Begin: Running /scripts/local-top ... done.
Begin: Running /scripts/local-premount ... [   11.496140] Btrfs loaded
Scanning for Btrfs filesystems
done.
Warning: fsck not present, so sk[   11.593367] EXT4-fs (sda1): mounted filesystem with ordered data mode. Opts: (null)
ipping root file system
done.
Begin: Running /scripts/local-bottom ... done.
Begin: Running /scripts/init-bottom ... done.
[   12.201075] systemd[1]: systemd 229 running in system mode. (+PAM +AUDIT +SELINUX +IMA +APPARMOR +SMACK +SYSVINIT +UTMP +LIBCRYPTSETUP +GCRYPT +GNUTLS +ACL +XZ -LZ4 +SECCOMP +BLKID +ELFUTILS +KMOD -IDN)
[   12.219450] systemd[1]: Detected virtualization oracle.
[   12.224727] systemd[1]: Detected architecture x86-64.

Welcome to [1mUbuntu 16.04.5 LTS[0m!

[   12.242520] systemd[1]: Set hostname to <ubuntu>.
[   12.261920] systemd[1]: Initializing machine ID from random generator.
[   12.266395] systemd[1]: Installed transient /etc/machine-id file.
[   13.142294] systemd[1]: Listening on udev Kernel Socket.
[[0;32m  OK  [0m] Listening on udev Kernel Socket.
[   13.157853] systemd[1]: Listening on Device-mapper event daemon FIFOs.
[[0;32m  OK  [0m] Listening on Device-mapper event daemon FIFOs.
[   13.177713] systemd[1]: Listening on udev Control Socket.
[[0;32m  OK  [0m] Listening on udev Control Socket.
[   13.187733] systemd[1]: Reached target User and Group Name Lookups.
[[0;32m  OK  [0m] Reached target User and Group Name Lookups.
[   13.197420] systemd[1]: Listening on Journal Socket (/dev/log).
[[0;32m  OK  [0m] Listening on Journal Socket (/dev/log).
[   13.229427] systemd[1]: Listening on LVM2 poll daemon socket.
[[0;32m  OK  [0m] Listening on LVM2 poll daemon socket.
[   13.263161] systemd[1]: Set up automount Arbitrary Executable File Formats File System Automount Point.
[[0;32m  OK  [0m] Set up automount Arbitrary Executab...ats File System Automount Point.
[   13.301434] systemd[1]: Reached target Encrypted Volumes.
[[0;32m  OK  [0m] Reached target Encrypted Volumes.
[   13.325189] systemd[1]: Listening on LVM2 metadata daemon socket.
[[0;32m  OK  [0m] Listening on LVM2 metadata daemon socket.
[   13.377169] systemd[1]: Reached target Swap.
[[0;32m  OK  [0m] Reached target Swap.
[   13.392044] systemd[1]: Started Trigger resolvconf update for networkd DNS.
[[0;32m  OK  [0m] Started Trigger resolvconf update for networkd DNS.
[   13.417950] systemd[1]: Listening on /dev/initctl Compatibility Named Pipe.
[[0;32m  OK  [0m] Listening on /dev/initctl Compatibility Named Pipe.
[   13.442676] systemd[1]: Created slice System Slice.
[[0;32m  OK  [0m] Created slice System Slice.
[   13.454764] systemd[1]: Listening on Journal Audit Socket.
[[0;32m  OK  [0m] Listening on Journal Audit Socket.
[   13.484914] systemd[1]: Listening on Journal Socket.
[[0;32m  OK  [0m] Listening on Journal Socket.
[   13.529336] systemd[1]: Mounting Debug File System...
         Mounting Debug File System...
[   13.539973] systemd[1]: Starting Uncomplicated firewall...
         Starting Uncomplicated firewall...
[   13.581290] systemd[1]: Starting Load Kernel Modules...
         Starting Load Kernel Modules...
[   13.602630] systemd[1]: Starting Nameserver information manager...
         Starting Nameserver information manager[   13.611576] Loading iSCSI transport class v2.0-870.
...
[   13.623797] systemd[1]: Starting Remount Root and Kernel File Systems...
         Starting Remount Root and Kernel File Systems...
[   13.634144] EXT4-fs (sda1): re-mounted. Opts: (null)
[   13.634589] systemd[1]: Mounting POSIX Message Queue File System...
         Mountin[   13.640344] iscsi: registered transport (tcp)
g POSIX Message Queue File System...
[   13.647450] systemd[1]: Mounting Huge Pages File System...
         Mounting Huge Pages File System...
[   13.665901] systemd[1]: Starting Set console keymap...
         Starting Set console keymap...
[   13.674524] systemd[1]: Starting Monitoring of LVM2 mirrors, snapshots etc. using dmeventd or progress polling...
         Starting Monitoring of LVM2 mirrors... dmeventd or progress polling...
[   13.692151] systemd[1]: Reached target System Time Synchronized.
[[0;32m  OK  [0m] Reached target System Time Synchronized.
[   13.705074] random: nonblocking pool is initialized
[   13.712002] systemd[1]: Starting Create list of required static device nodes for the current kernel...
         Starting Create list of required st... nodes for the current kernel...
[   13.728045] systemd[1]: Created slice system-serial\x2dgetty.slice.
[[0;32m  OK  [0m] Created slice system-serial\x2dgetty.slice.
[   13.741911] systemd[1]: Created slice User and Session Slice.
[[0;32m  OK  [0m] Created slice User and Session Slice.
[   13.752900] systemd[1]: Listening on Syslog Socket.
[   13.762362] iscsi: registered transport (iser)
[[0;32m  OK  [0m] Listening on Syslog Socket.
[   13.792763] systemd[1]: Starting Journal Service...
         Starting Journal Service...
[   13.802210] systemd[1]: Started Forward Password Requests to Wall Directory Watch.
[[0;32m  OK  [0m] Started Forward Password Requests to Wall Directory Watch.
[   13.833065] systemd[1]: Reached target Slices.
[[0;32m  OK  [0m] Reached target Slices.
[   13.878644] systemd[1]: Mounted Debug File System.
[[0;32m  OK  [0m] Mounted Debug File System.
[   13.893250] systemd[1]: Mounted POSIX Message Queue File System.
[[0;32m  OK  [0m] Mounted POSIX Message Queue File System.
[   13.903059] systemd[1]: Mounted Huge Pages File System.
[[0;32m  OK  [0m] Mounted Huge Pages File System.
[   13.913381] systemd[1]: Started Journal Service.
[[0;32m  OK  [0m] Started Journal Service.
[[0;32m  OK  [0m] Started Uncomplicated firewall.
[[0;32m  OK  [0m] Started Load Kernel Modules.
[[0;32m  OK  [0m] Started Remount Root and Kernel File Systems.
[[0;32m  OK  [0m] Started Set console keymap.
[[0;32m  OK  [0m] Started Create list of required sta...ce nodes for the current kernel.
[[0;32m  OK  [0m] Started Nameserver information manager.
[[0;32m  OK  [0m] Started LVM2 metadata daemon.
         Starting Create Static Device Nodes in /dev...
         Starting udev Coldplug all Devices...
         Starting Load/Save Random Seed...
         Starting Apply Kernel Variables...
         Mounting FUSE Control File System...
         Starting Flush Journal to Persistent Storage...
[[0;32m  OK  [0m] Mounted FUSE Control File System.
[[0;32m  OK  [0m] Started Load/Save Random Seed.
[[0;32m  OK  [0m] Started Create Static Device Nodes in /dev.
[[0;32m  OK  [0m] Started Apply Kernel Variables.
[[0;32m  OK  [0m] Started udev Coldplug all Devices.
[[0;32m  OK  [0m] Started Flush Journal to Persistent Storage.
         Starting udev Kernel Device Manager...
[[0;32m  OK  [0m] Started Monitoring of LVM2 mirrors,...ng dmeventd or progress polling.
[[0;32m  OK  [0m] Started udev Kernel Device Manager.
[[0;32m  OK  [0m] Reached target Local File Systems (Pre).
[[0;32m  OK  [0m] Reached target Local File Systems.
         Starting Initial cloud-init job (pre-networking)...
         Starting LSB: AppArmor initialization...
         Starting Set console font and keymap...
         Starting Tell Plymouth To Write Out Runtime Data...
         Starting Commit a transient machine-id on disk...
         Starting Create Volatile Files and Directories...
[[0;32m  OK  [0m] Started Dispatch Password Requests to Console Directory Watch.
[[0;32m  OK  [0m] Started Tell Plymouth To Write Out Runtime Data.
[[0;32m  OK  [0m] Started Commit a transient machine-id on disk.
[[0;32m  OK  [0m] Started Create Volatile Files and Directories.
         Starting Update UTMP about System Boot/Shutdown...
[[0;32m  OK  [0m] Started Update UTMP about System Boot/Shutdown.
[[0;32m  OK  [0m] Found device /dev/ttyS0.
[[0;32m  OK  [0m] Listening on Load/Save RF Kill Switch Status /dev/rfkill Watch.
[[0;32m  OK  [0m] Started LSB: AppArmor initialization.
[   13.320441] cloud-init[477]: Cloud-init v. 18.3-9-g2e62cb8a-0ubuntu1~16.04.2 running 'init-local' at Tue, 06 Nov 2018 10:10:01 +0000. Up 12.84 seconds.
[[0;32m  OK  [0m] Started Initial cloud-init job (pre-networking).
[[0;32m  OK  [0m] Reached target Network (Pre).
         Starting Raise network interfaces...
[[0;32m  OK  [0m] Started Set console font and keymap.
[[0;32m  OK  [0m] Created slice system-getty.slice.
[[0;32m  OK  [0m] Started Raise network interfaces.
         Starting Initial cloud-init job (metadata service crawler)...
[[0;32m  OK  [0m] Reached target Network.
[   15.499540] cloud-init[940]: Cloud-init v. 18.3-9-g2e62cb8a-0ubuntu1~16.04.2 running 'init' at Tue, 06 Nov 2018 10:10:03 +0000. Up 14.40 seconds.
[   15.520677] cloud-init[940]: ci-info: +++++++++++++++++++++++++++++++++++++Net device info++++++++++++++++++++++++++++++++++++++
[   15.534752] cloud-init[940]: ci-info: +--------+-------+--------------------------+---------------+--------+-------------------+
[   15.546134] cloud-init[940]: ci-info: | Device |   Up  |         Address          |      Mask     | Scope  |     Hw-Address    |
[   15.554381] cloud-init[940]: ci-info: +--------+-------+--------------------------+---------------+--------+-------------------+
[   15.585487] cloud-init[940]: ci-info: | enp0s3 |  True |        10.0.2.15         | 255.255.255.0 | global | 02:28:89:27:00:51 |
[   15.586108] cloud-init[940]: ci-info: | enp0s3 |  True | fe80::28:89ff:fe27:51/64 |       .       |  link  | 02:28:89:27:00:51 |
[[0;32m  OK  [0m] Started Initial cloud-init job (metadata service crawler).
[   15.587443] cloud-init[940]: ci-info: | enp0s8 | False |            .             |       .       |   .    | 08:00:27:ab:55:7e |
[   15.671825] cloud-init[940]: ci-info: |   lo   |  True |        127.0.0.1         |   255.0.0.0   |  host  |         .         |
[   15.672427] cloud-init[940]: ci-info: |   lo   |  True |         ::1/128          |       .       |  host  |         .         |
[   15.677898] cloud-init[940]: ci-info: +--------+-------+--------------------------+---------------+--------+-------------------+
[[0;32m  OK  [0m] Reached target Cloud-config availability.
[[   15.683108] cloud-init[940]: ci-info: +++++++++++++++++++++++++++Route IPv4 info++++++++++++++++++++++++++++
[   15.754746] cloud-init[0;32m  OK  [0m[940]: ] ci-info: +-------+-------------+----------+---------------+-----------+-------+Reached target System Initialization.

[[   15.757374] cloud-init[940]: ci-info: | Route | Destination | Gateway  |    Genmask    | Interface | Flags |
[0;32m  OK  [0m[   15.769168] ] cloud-initListening on UUID daemon activation socket.[940]: 
ci-info: +-------+-------------+----------+---------------+-----------+-------+
[   15.790475] cloud-init[940]: ci-info: |   0   |   0.0.0.0   | 10.0.2.2 |    0.0.0.0    |   enp0s3  |   UG  |
[   15.791187] [[0;32m  OK  [0m] Started Daily apt download activities.
cloud-init[940]: ci-info: |   1   |   10.0.2.0  | 0.0.0.0  | 255.255.255.0 |   enp0s3  |   U   |
[   15.814461] cloud-init[940]: ci-info: +-------+-------------+----------+---------------+-----------+-------+
[   15.815435] cloud-init[940]: ci-info: +++++++++++++++++++Route IPv6 info+++++++++++++++++++
[[0;32m  OK  [0m] Started Daily apt upgrade and clean activities.
[   15.817678] cloud-init[940]: ci-info: +-------+-------------+---------+-----------+-------+
[   15.874514] cloud-init[940]: ci-info: | Route | Destination | Gateway | Interface | Flags |
[[0;32m  OK  [0m] Listening on D-Bus System Message Bus Socket.
[   15.875359] cloud-init[940]: ci-info: +-------+-------------+---------+-----------+-------+
[   15.948171] cloud-init[940]: ci-info: |   0   |  fe80::/64  |    ::   |   enp0s3  |   U   |
[[0;32m  OK  [0m] Listening on ACPID Listen Socket.
[   15.948545] cloud-init[940]: ci-info: |   3   |   ff00::/8  |    ::   |   enp0s3  |   U   |
[   16.089843] cloud-init[940]: ci-info: +-------+-------------+---------+-----------+-------+
[[0;32m  OK  [0m] Started ACPI Events Check.
[   16.091607] cloud-init[940]: Generating public/private rsa key pair.
[   16.112323] cloud-init[940]: Your identification has been saved in /etc/ssh/ssh_host_rsa_key.
[[0;32m  OK  [0m] [   16.112859] Reached target Paths.cloud-init
[940]: Your public key has been saved in /etc/ssh/ssh_host_rsa_key.pub.
[   16.157844] cloud-init[940]: The key fingerprint is:
[   16.159216] cloud-init[940]: SHA256:5LNi0WKB/8+iyQ0tiX+BtMav6YvisHZH7QXpUkZ6Wyg root@ubuntu-xenial
[   16.160004] cloud-init[940]: The key's randomart image is:
         Starting Socket activation for snappy daemon.
[   16.161120] cloud-init[940]: +---[RSA 2048]----+
[   16.229440] cloud-init[940]: |                 |
[   16.230006] cloud-init[940]: |     . .         |
[   16.232537] cloud-init[940]: |    . + +        |
[   16.233725] cloud-init[940]: |     E.% .       |
[   16.235902] cloud-init[940]: |     o%oS        |
[   16.237350] cloud-init[940]: |     ==X.+       |
[   16.237431] cloud-init[940]: |.   o.O.=.       |
[   16.237500] cloud-init[940]: | +.. * O+o       |
[   16.237566] cloud-init[940]: |o.o.o.X=..o      |
[   16.237638] cloud-init[940]: +----[SHA256]-----+
[   16.237701] cloud-init[940]: Generating public/private dsa key pair.
[   16.237769] cloud-init[940]: Your identification has been saved in /etc/ssh/ssh_host_dsa_key.
[   16.237828] cloud-init[940]: Your public key has been saved in /etc/ssh/ssh_host_dsa_key.pub.
[   16.237893] cloud-init[940]: The key fingerprint is:
[   16.237960] cloud-init[940]: SHA256:w3HymwRuA2Lz/5QsB7+DV0EiJgkbYvUTRfiKRdPPbYc root@ubuntu-xenial
[   16.238024] cloud-init[940]: The key's randomart image is:
[   16.238086] cloud-init[940]: +---[DSA 1024]----+
[   16.238154] cloud-init[940]: |  o.+..*o        |
[   16.238219] cloud-init[940]: | . . +*.+ . .    |
[   16.238288] cloud-init[940]: |    =.+=++.+ .   |
[   16.238352] cloud-init[940]: |   . +.=.*o E .  |
[   16.238413] cloud-init[940]: |     o..S o. o   |
[   16.238476] cloud-init[940]: |    . .o B +.    |
         Starting LXD - unix socket.
[   16.238539] cloud-init[940]: |        o.O.     |
[   16.569340] cloud-init[940]: |        .=o.     |
[[0;32m  OK  [0m] Started Daily Cleanup of Temporary Directories.
[   16.570083] cloud-init[940]: |         .o.     |
[   16.629014] cloud-init[940]: +----[SHA256]-----+
[   16.629827] cloud-init[940]: Generating public/private ecdsa key pair.
[[0;32m  OK  [0m] Reached target Timers.
[   16.631165] cloud-init[940]: Your identification has been saved in /etc/ssh/ssh_host_ecdsa_key.
[   16.681836] cloud-init[940]: Your public key has been saved in /etc/ssh/ssh_host_ecdsa_key.pub.
[[0;32m  OK  [0m] Reached target Network is Online.
[   16.685551] cloud-init[940]: The key fingerprint is:
[   16.753731] cloud-init[940]: SHA256:PZvswxrkBBg5qK7deYySxPshX8g2vg6nHgy93FCnvE0 root@ubuntu-xenial
[   16.788880] cloud-init[940]: The key's randomart image is:
[   16.790185] cloud-init[940]: +---[ECDSA 256]---+
         Starting iSCSI initiator daemon (iscsid)...
[   16.791880] cloud-init[940]: |   ...           |
[   16.849147] cloud-init[940]: |  . oo           |
[[0;32m  OK  [0m] Listening on Socket activation for snappy daemon.
[   16.885105] cloud-init[940]: | .  o.o          |
[   16.886039] cloud-init[940]: |.. o o . .       |
[[0;32m  OK  [0m] Listening on LXD - unix socket.
[   16.889010] cloud-init[940]: |o.o o E S o      |
[   17.528540] cloud-init[940]: | =o= = + . +     |
[   17.532634] cloud-init[940]: |.oB+X+o o.+      |
[   17.577633] cloud-init[940]: |. =X++o  oo      |
[[0;32m  OK  [0m] Reached target Sockets.
[   17.579633] cloud-init[940]: | .o+*o  ....     |
[[   17.605242] cloud-init[940]: +----[SHA256]-----+
[0;32m  OK  [0m] Reached target Basic System.
[   17.607604] cloud-init[940]: Generating public/private ed25519 key pair.
[   17.700841] cloud-init[940]: Your identification has been saved in /etc/ssh/ssh_host_ed25519_key.
         [   17.701720] Starting Virtualbox guest utils...cloud-init
[940]: Your public key has been saved in /etc/ssh/ssh_host_ed25519_key.pub.
[   17.702711] cloud-init[940]: The key fingerprint is:
[   17.901332] cloud-init[940]: SHA256:vMXGYtEf9IyNisEnh1iwXXnfljUSTF7gqZUu6v2cwdI root@ubuntu-xenial
[   17.902206] cloud-init[940]: The key's randomart image is:
[[0;32m  OK  [0m] Started Deferred execution scheduler.
[   17.902725] cloud-init[940]: +--[ED25519 256]--+
[   18.001074] cloud-init[940]: |      ... ..++o. |
[   18.031044] cloud-init[940]: |       * +..+O+..|
[   18.032426] cloud-init[940]: |      o B +.+B=.+|
[   18.033884] cloud-init[940]: |       . X o+...o|
[   18.034307] cloud-init[940]: |        S *o.. . |
[   18.038164] cloud-init[940]: |       . =. +    |
[   18.040304] cloud-init[940]: |        .. . E   |
         [   18.040501] cloud-init[940]: |        . . o o  |
Starting System Logging Service...
[   18.041390] cloud-init[940]: |         . ..+   |
[   18.080820] cloud-init[940]: +----[SHA256]-----+
         Starting Pollinate to seed the pseudo random number generator...
         Starting LSB: Record successful boot for GRUB...
         Starting Login Service...
[[0;32m  OK  [0m] Started ACPI event daemon.
[[0;32m  OK  [0m] Started Unattended Upgrades Shutdown.
[[0;32m  OK  [0m] Started D-Bus System Message Bus.
         Starting Accounts Service...
[[0;32m  OK  [0m] Started Regular background program processing daemon.
         Starting LSB: MD monitoring daemon...
[[0;32m  OK  [0m] Started FUSE filesystem for LXC.
         Starting Snappy daemon...
         Starting LXD - container startup/shutdown...
         Starting /etc/rc.local Compatibility...
[[0;32m  OK  [0m] Started System Logging Service.
[[0;32m  OK  [0m] Started iSCSI initiator daemon (iscsid).
[[0;32m  OK  [0m] Started Pollinate to seed the pseudo random number generator.
[[0;32m  OK  [0m] Started /etc/rc.local Compatibility.
[[0;32m  OK  [0m] Started LSB: Record successful boot for GRUB.
[[0;32m  OK  [0m] Started Login Service.
         Starting Authenticate and Authorize Users to Run Privileged Tasks...
         Starting OpenBSD Secure Shell server...
         Starting Login to default iSCSI targets...
[[0;32m  OK  [0m] Started LSB: MD monitoring daemon.
[[0;32m  OK  [0m] Started Virtualbox guest utils.
[[0;32m  OK  [0m] Started OpenBSD Secure Shell server.
[[0;32m  OK  [0m] Started LXD - container startup/shutdown.
[[0;32m  OK  [0m] Started Authenticate and Authorize Users to Run Privileged Tasks.
[[0;32m  OK  [0m] Started Accounts Service.
[[0;32m  OK  [0m] Started Snappy daemon.
[[0;32m  OK  [0m] Started Login to default iSCSI targets.
[[0;32m  OK  [0m] Reached target Remote File Systems (Pre).
[[0;32m  OK  [0m] Reached target Remote File Systems.
         Starting LSB: automatic crash report generation...
         Starting Permit User Sessions...
         Starting LSB: daemon to balance interrupts for SMP systems...
         Starting LSB: Set the CPU Frequency Scaling governor to "ondemand"...
         Starting Wait until snapd is fully seeded...
[[0;32m  OK  [0m] Started Permit User Sessions.
         Starting Terminate Plymouth Boot Screen...
         Starting Hold until boot process finishes up...
[[0;32m  OK  [0m] Started LSB: automatic crash report generation.
[[0;32m  OK  [0m] Started LSB: daemon to balance interrupts for SMP systems.
[[0;32m  OK  [0m] Started LSB: Set the CPU Frequency Scaling governor to "ondemand".
[[0;32m  OK  [0m] Started Terminate Plymouth Boot Screen.
[[0;32m  OK  [0m] Started Hold until boot process finishes up.
[[0;32m  OK  [0m] Started Getty on tty1.
         Starting Set console scheme...
[[0;32m  OK  [0m] Started Serial Getty on ttyS0.
[[0;32m  OK  [0m] Reached target Login Prompts.
[[0;32m  OK  [0m] Started Set console scheme.
[[0;32m  OK  [0m] Created slice User Slice of vagrant.
         Starting User Manager for UID 1000...
[[0;32m  OK  [0m] Started Session 1 of user vagrant.
[[0;32m  OK  [0m] Started User Manager for UID 1000.
[[0;32m  OK  [0m] Started Wait until snapd is fully seeded.
         Starting Apply the settings specified in cloud-config...
[[0;32m  OK  [0m] Reached target Multi-User System.
[[0;32m  OK  [0m] Reached target Graphical Interface.
         Starting Update UTMP about System Runlevel Changes...
[[0;32m  OK  [0m] Started Update UTMP about System Runlevel Changes.
         Stopping User Manager for UID 1000...
[[0;32m  OK  [0m] Stopped User Manager for UID 1000.
[[0;32m  OK  [0m] Removed slice User Slice of vagrant.
[   22.587754] cloud-init[1381]: Generating locales (this might take a while)...
[[0;32m  OK  [0m] Created slice User Slice of vagrant.
         Starting User Manager for UID 1000...
[[0;32m  OK  [0m] Started User Manager for UID 1000.
[[0;32m  OK  [0m] Started Session 2 of user vagrant.
[   23.694275] cloud-init[1381]:   en_US.UTF-8... done
[   23.701404] cloud-init[1381]: Generation complete.
[   24.606203] cloud-init[1381]: Cloud-init v. 18.3-9-g2e62cb8a-0ubuntu1~16.04.2 running 'modules:config' at Tue, 06 Nov 2018 10:10:11 +0000. Up 22.22 seconds.
ci-info: no authorized ssh keys fingerprints found for user ubuntu.

Ubuntu 16.04.5 LTS ubuntu-xenial ttyS0

<14>Nov  6 10:10:14 ec2: 
<14>Nov  6 10:10:14 ec2: #############################################################
<14>Nov  6 10:10:14 ec2: -----BEGIN SSH HOST KEY FINGERPRINTS-----
<14>Nov  6 10:10:14 ec2: 1024 SHA256:w3HymwRuA2Lz/5QsB7+DV0EiJgkbYvUTRfiKRdPPbYc root@ubuntu-xenial (DSA)
<14>Nov  6 10:10:14 ec2: 256 SHA256:PZvswxrkBBg5qK7deYySxPshX8g2vg6nHgy93FCnvE0 root@ubuntu-xenial (ECDSA)
<14>Nov  6 10:10:14 ec2: 256 SHA256:vMXGYtEf9IyNisEnh1iwXXnfljUSTF7gqZUu6v2cwdI root@ubuntu-xenial (ED25519)
<14>Nov  6 10:10:14 ec2: 2048 SHA256:5LNi0WKB/8+iyQ0tiX+BtMav6YvisHZH7QXpUkZ6Wyg root@ubuntu-xenial (RSA)
<14>Nov  6 10:10:14 ec2: -----END SSH HOST KEY FINGERPRINTS-----
<14>Nov  6 10:10:14 ec2: #############################################################
-----BEGIN SSH HOST KEY KEYS-----
ecdsa-sha2-nistp256 AAAAE2VjZHNhLXNoYTItbmlzdHAyNTYAAAAIbmlzdHAyNTYAAABBBJdN9jcQgxBUfgRNsUw81+ud85YBY2LhXZIV8JKEDEofFo7v18PJKeCQcsftaQDRBENOCFk/TQ6VEV5Q4XjIXPU= root@ubuntu-xenial
ssh-ed25519 AAAAC3NzaC1lZDI1NTE5AAAAIG/fv0b/SWiwAYmta6F44cb8KG/QzzbXZa36sWbypQkP root@ubuntu-xenial
ssh-rsa AAAAB3NzaC1yc2EAAAADAQABAAABAQDEgojE1AT6twpGTRPf/rVYHrYFZoQJSRd3QfxOJgKmmFQYc3L5BXsjC5KqFcQ5zCoSai6j2nSz4aBonjDWZiaXXZsXtvS8o/PUkufn4P6WdnG4vC5NncX3q1i4KrdcxyD9Ftjfp6Z1NPH0L4YHUrd84a3U+D3iaw03/5b09lUwl3agIQI0mUkUCrUfhtdYtNnZ5uunsU1Opl7gFCBvq6I/Kiyom/p+3/QMWGgd6iOvKPIMwoZGqUzZzxQSUhrPtGHCGGDIF2ZTZ3OH6B+g7Y9zsNx9owlgdOw74f8TdZn2V9h18sYqKcTHxmqCvgP7yDJjZEoixqk0OO088CYotJG3 root@ubuntu-xenial
-----END SSH HOST KEY KEYS-----
[   25.461383] cloud-init[1689]: Cloud-init v. 18.3-9-g2e62cb8a-0ubuntu1~16.04.2 running 'modules:final' at Tue, 06 Nov 2018 10:10:14 +0000. Up 25.14 seconds.
[   25.461659] cloud-init[1689]: ci-info: no authorized ssh keys fingerprints found for user ubuntu.
[   25.461797] cloud-init[1689]: Cloud-init v. 18.3-9-g2e62cb8a-0ubuntu1~16.04.2 finished at Tue, 06 Nov 2018 10:10:14 +0000. Datasource DataSourceNoCloud [seed=/dev/sdb][dsmode=net].  Up 25.43 seconds
ubuntu-xenial login: 